# JRE version: OpenJDK Runtime Environment (8.0_152-b01) (build 1.8.0_152-release-1343-b01)
# Java VM: OpenJDK 64-Bit Server VM (25.152-b01 mixed mode windows-amd64 compressed oops)
Heap:
 PSYoungGen      total 70656K, used 25843K [0x00000000e0000000, 0x00000000e6600000, 0x0000000100000000)
  eden space 37888K, 7% used [0x00000000e0000000,0x00000000e02e3ff8,0x00000000e2500000)
  from space 32768K, 69% used [0x00000000e4580000,0x00000000e5bd8ff8,0x00000000e6580000)
  to   space 33280K, 0% used [0x00000000e2500000,0x00000000e2500000,0x00000000e4580000)
 ParOldGen       total 92672K, used 40988K [0x00000000a0000000, 0x00000000a5a80000, 0x00000000e0000000)
  object space 92672K, 44% used [0x00000000a0000000,0x00000000a2807238,0x00000000a5a80000)
 Metaspace       used 87789K, capacity 93492K, committed 93568K, reserved 1130496K
  class space    used 11599K, capacity 12599K, committed 12672K, reserved 1048576K
GC Heap History (10 events):
Event: 5426.856 GC heap after
Heap after GC invocations=24 (full 3):
 PSYoungGen      total 66560K, used 20028K [0x00000000e0000000, 0x00000000e5900000, 0x0000000100000000)
  eden space 46080K, 0% used [0x00000000e0000000,0x00000000e0000000,0x00000000e2d00000)
  from space 20480K, 97% used [0x00000000e2d80000,0x00000000e410f330,0x00000000e4180000)
  to   space 22528K, 0% used [0x00000000e4300000,0x00000000e4300000,0x00000000e5900000)
 ParOldGen       total 92672K, used 28953K [0x00000000a0000000, 0x00000000a5a80000, 0x00000000e0000000)
  object space 92672K, 31% used [0x00000000a0000000,0x00000000a1c46620,0x00000000a5a80000)
 Metaspace       used 75017K, capacity 77784K, committed 78080K, reserved 1116160K
  class space    used 9847K, capacity 10429K, committed 10496K, reserved 1048576K
}
Event: 5429.314 GC heap before
{Heap before GC invocations=25 (full 3):
 PSYoungGen      total 66560K, used 66108K [0x00000000e0000000, 0x00000000e5900000, 0x0000000100000000)
  eden space 46080K, 100% used [0x00000000e0000000,0x00000000e2d00000,0x00000000e2d00000)
  from space 20480K, 97% used [0x00000000e2d80000,0x00000000e410f330,0x00000000e4180000)
  to   space 22528K, 0% used [0x00000000e4300000,0x00000000e4300000,0x00000000e5900000)
 ParOldGen       total 92672K, used 28953K [0x00000000a0000000, 0x00000000a5a80000, 0x00000000e0000000)
  object space 92672K, 31% used [0x00000000a0000000,0x00000000a1c46620,0x00000000a5a80000)
 Metaspace       used 76433K, capacity 79224K, committed 79488K, reserved 1118208K
  class space    used 9945K, capacity 10525K, committed 10624K, reserved 1048576K
Event: 5429.330 GC heap after
Heap after GC invocations=25 (full 3):
 PSYoungGen      total 62976K, used 22499K [0x00000000e0000000, 0x00000000e6380000, 0x0000000100000000)
  eden space 40448K, 0% used [0x00000000e0000000,0x00000000e0000000,0x00000000e2780000)
  from space 22528K, 99% used [0x00000000e4300000,0x00000000e58f8cb8,0x00000000e5900000)
  to   space 28160K, 0% used [0x00000000e2780000,0x00000000e2780000,0x00000000e4300000)
 ParOldGen       total 92672K, used 36432K [0x00000000a0000000, 0x00000000a5a80000, 0x00000000e0000000)
  object space 92672K, 39% used [0x00000000a0000000,0x00000000a2394168,0x00000000a5a80000)
 Metaspace       used 76433K, capacity 79224K, committed 79488K, reserved 1118208K
  class space    used 9945K, capacity 10525K, committed 10624K, reserved 1048576K
}
Event: 5432.702 GC heap before
{Heap before GC invocations=26 (full 3):
 PSYoungGen      total 62976K, used 62944K [0x00000000e0000000, 0x00000000e6380000, 0x0000000100000000)
  eden space 40448K, 99% used [0x00000000e0000000,0x00000000e277f428,0x00000000e2780000)
  from space 22528K, 99% used [0x00000000e4300000,0x00000000e58f8cb8,0x00000000e5900000)
  to   space 28160K, 0% used [0x00000000e2780000,0x00000000e2780000,0x00000000e4300000)
 ParOldGen       total 92672K, used 36432K [0x00000000a0000000, 0x00000000a5a80000, 0x00000000e0000000)
  object space 92672K, 39% used [0x00000000a0000000,0x00000000a2394168,0x00000000a5a80000)
 Metaspace       used 77678K, capacity 80546K, committed 80640K, reserved 1120256K
  class space    used 10128K, capacity 10724K, committed 10752K, reserved 1048576K
Event: 5432.714 GC heap after
Heap after GC invocations=26 (full 3):
 PSYoungGen      total 68096K, used 22031K [0x00000000e0000000, 0x00000000e6100000, 0x0000000100000000)
  eden space 39936K, 0% used [0x00000000e0000000,0x00000000e0000000,0x00000000e2700000)
  from space 28160K, 78% used [0x00000000e2780000,0x00000000e3d03e28,0x00000000e4300000)
  to   space 29696K, 0% used [0x00000000e4400000,0x00000000e4400000,0x00000000e6100000)
 ParOldGen       total 92672K, used 36440K [0x00000000a0000000, 0x00000000a5a80000, 0x00000000e0000000)
  object space 92672K, 39% used [0x00000000a0000000,0x00000000a2396168,0x00000000a5a80000)
 Metaspace       used 77678K, capacity 80546K, committed 80640K, reserved 1120256K
  class space    used 10128K, capacity 10724K, committed 10752K, reserved 1048576K
}
Event: 5437.265 GC heap before
{Heap before GC invocations=27 (full 3):
 PSYoungGen      total 68096K, used 61967K [0x00000000e0000000, 0x00000000e6100000, 0x0000000100000000)
  eden space 39936K, 100% used [0x00000000e0000000,0x00000000e2700000,0x00000000e2700000)
  from space 28160K, 78% used [0x00000000e2780000,0x00000000e3d03e28,0x00000000e4300000)
  to   space 29696K, 0% used [0x00000000e4400000,0x00000000e4400000,0x00000000e6100000)
 ParOldGen       total 92672K, used 36440K [0x00000000a0000000, 0x00000000a5a80000, 0x00000000e0000000)
  object space 92672K, 39% used [0x00000000a0000000,0x00000000a2396168,0x00000000a5a80000)
 Metaspace       used 78966K, capacity 82050K, committed 82176K, reserved 1120256K
  class space    used 10278K, capacity 10936K, committed 11008K, reserved 1048576K
Event: 5437.280 GC heap after
Heap after GC invocations=27 (full 3):
 PSYoungGen      total 68608K, used 21710K [0x00000000e0000000, 0x00000000e6280000, 0x0000000100000000)
  eden space 38912K, 0% used [0x00000000e0000000,0x00000000e0000000,0x00000000e2600000)
  from space 29696K, 73% used [0x00000000e4400000,0x00000000e5933be0,0x00000000e6100000)
  to   space 30720K, 0% used [0x00000000e2600000,0x00000000e2600000,0x00000000e4400000)
 ParOldGen       total 92672K, used 38352K [0x00000000a0000000, 0x00000000a5a80000, 0x00000000e0000000)
  object space 92672K, 41% used [0x00000000a0000000,0x00000000a2574168,0x00000000a5a80000)
 Metaspace       used 78966K, capacity 82050K, committed 82176K, reserved 1120256K
  class space    used 10278K, capacity 10936K, committed 11008K, reserved 1048576K
}
Event: 5446.671 GC heap before
{Heap before GC invocations=28 (full 3):
 PSYoungGen      total 68608K, used 60622K [0x00000000e0000000, 0x00000000e6280000, 0x0000000100000000)
  eden space 38912K, 100% used [0x00000000e0000000,0x00000000e2600000,0x00000000e2600000)
  from space 29696K, 73% used [0x00000000e4400000,0x00000000e5933be0,0x00000000e6100000)
  to   space 30720K, 0% used [0x00000000e2600000,0x00000000e2600000,0x00000000e4400000)
 ParOldGen       total 92672K, used 38352K [0x00000000a0000000, 0x00000000a5a80000, 0x00000000e0000000)
  object space 92672K, 41% used [0x00000000a0000000,0x00000000a2574168,0x00000000a5a80000)
 Metaspace       used 85079K, capacity 89194K, committed 89344K, reserved 1126400K
  class space    used 11188K, capacity 12028K, committed 12032K, reserved 1048576K
Event: 5446.685 GC heap after
Heap after GC invocations=28 (full 3):
 PSYoungGen      total 69120K, used 24829K [0x00000000e0000000, 0x00000000e6580000, 0x0000000100000000)
  eden space 38400K, 0% used [0x00000000e0000000,0x00000000e0000000,0x00000000e2580000)
  from space 30720K, 80% used [0x00000000e2600000,0x00000000e3e3f428,0x00000000e4400000)
  to   space 32768K, 0% used [0x00000000e4580000,0x00000000e4580000,0x00000000e6580000)
 ParOldGen       total 92672K, used 40980K [0x00000000a0000000, 0x00000000a5a80000, 0x00000000e0000000)
  object space 92672K, 44% used [0x00000000a0000000,0x00000000a2805238,0x00000000a5a80000)
 Metaspace       used 85079K, capacity 89194K, committed 89344K, reserved 1126400K
  class space    used 11188K, capacity 12028K, committed 12032K, reserved 1048576K
}
Event: 5448.216 GC heap before
{Heap before GC invocations=29 (full 3):
 PSYoungGen      total 69120K, used 63229K [0x00000000e0000000, 0x00000000e6580000, 0x0000000100000000)
  eden space 38400K, 100% used [0x00000000e0000000,0x00000000e2580000,0x00000000e2580000)
  from space 30720K, 80% used [0x00000000e2600000,0x00000000e3e3f428,0x00000000e4400000)
  to   space 32768K, 0% used [0x00000000e4580000,0x00000000e4580000,0x00000000e6580000)
 ParOldGen       total 92672K, used 40980K [0x00000000a0000000, 0x00000000a5a80000, 0x00000000e0000000)
  object space 92672K, 44% used [0x00000000a0000000,0x00000000a2805238,0x00000000a5a80000)
 Metaspace       used 87787K, capacity 93492K, committed 93568K, reserved 1130496K
  class space    used 11599K, capacity 12599K, committed 12672K, reserved 1048576K

